2025-10-16 12:00:30,446 - INFO - Starting comprehensive data fetch for 1 tickers
2025-10-16 12:00:30,447 - INFO - Fetching stock data...
2025-10-16 12:00:30,447 - INFO - Fetching stock data for 1 tickers from 2020-01-01 to 2025-01-01
2025-10-16 12:00:31,547 - ERROR - Error fetching data for XOM: 'Adj Close'
2025-10-16 12:00:31,548 - INFO - Fetched stock data for 0 tickers
2025-10-16 12:00:31,548 - INFO - Processing ticker: XOM
2025-10-16 12:00:31,548 - INFO - Fetching NewsAPI data for XOM...
2025-10-16 12:00:31,548 - INFO - Fetching news for query 'XOM OR XOM' from 2025-09-16 to 2025-10-16
2025-10-16 12:00:31,888 - INFO - Found 100 news articles for XOM
2025-10-16 12:00:31,891 - INFO - Saved data to /Users/alexandrebredillot/Documents/GitHub/FIN_PP/THES_SA/data/news/XOM_news_20251016.json
2025-10-16 12:00:31,891 - INFO - Fetching GDELT data for XOM...
2025-10-16 12:00:31,891 - INFO - Fetching GDELT data for query 'XOM OR XOM'
2025-10-16 12:00:47,295 - ERROR - Error fetching GDELT data (attempt 1/3): HTTPSConnectionPool(host='api.gdeltproject.org', port=443): Read timed out. (read timeout=15)
2025-10-16 12:00:47,296 - INFO - Waiting 1 seconds before retry...
2025-10-16 12:01:03,437 - ERROR - Error fetching GDELT data (attempt 2/3): HTTPSConnectionPool(host='api.gdeltproject.org', port=443): Read timed out. (read timeout=15)
2025-10-16 12:01:03,438 - INFO - Waiting 2 seconds before retry...
2025-10-16 12:01:20,571 - ERROR - Error fetching GDELT data (attempt 3/3): HTTPSConnectionPool(host='api.gdeltproject.org', port=443): Read timed out. (read timeout=15)
2025-10-16 12:01:20,571 - ERROR - Max retries exceeded. Returning empty response.
2025-10-16 12:01:20,572 - WARNING - No GDELT articles found for XOM
2025-10-16 12:01:20,572 - INFO - Completed processing for XOM
2025-10-16 12:01:20,572 - INFO - Data fetch complete!
2025-10-16 12:03:33,052 - INFO - Starting comprehensive data fetch for 1 tickers
2025-10-16 12:03:33,052 - INFO - Fetching stock data...
2025-10-16 12:03:33,052 - INFO - Fetching stock data for 1 tickers from 2020-01-01 to 2025-01-01
2025-10-16 12:03:33,918 - INFO - Saved XOM data to /Users/alexandrebredillot/Documents/GitHub/FIN_PP/THES_SA/data/raw/XOM_stock_data.csv
2025-10-16 12:03:33,918 - INFO - Fetched stock data for 1 tickers
2025-10-16 12:03:33,918 - INFO - Processing ticker: XOM
2025-10-16 12:03:33,918 - INFO - Fetching NewsAPI data for XOM...
2025-10-16 12:03:33,918 - INFO - Fetching news for query 'XOM OR XOM' from 2025-09-16 to 2025-10-16
2025-10-16 12:03:34,068 - INFO - Found 100 news articles for XOM
2025-10-16 12:03:34,071 - INFO - Saved data to /Users/alexandrebredillot/Documents/GitHub/FIN_PP/THES_SA/data/news/XOM_news_20251016.json
2025-10-16 12:03:34,072 - INFO - Fetching GDELT data for XOM...
2025-10-16 12:03:34,072 - INFO - Fetching GDELT data for query 'XOM OR XOM'
2025-10-16 12:03:34,072 - INFO - GDELT attempt 1/3 with timeout=30s
2025-10-16 12:03:49,837 - ERROR - Error fetching GDELT data (attempt 1/3): Expecting value: line 1 column 1 (char 0)
2025-10-16 12:03:49,838 - INFO - Waiting 2 seconds before retry...
2025-10-16 12:03:51,843 - INFO - GDELT attempt 2/3 with timeout=30s
2025-10-16 12:04:06,855 - ERROR - Error fetching GDELT data (attempt 2/3): Expecting value: line 1 column 1 (char 0)
2025-10-16 12:04:06,856 - INFO - Waiting 3 seconds before retry...
2025-10-16 12:04:09,861 - INFO - GDELT attempt 3/3 with timeout=30s
2025-10-16 12:04:25,922 - ERROR - Error fetching GDELT data (attempt 3/3): Expecting value: line 1 column 1 (char 0)
2025-10-16 12:04:25,924 - ERROR - Max retries exceeded. Returning empty response.
2025-10-16 12:04:25,924 - INFO - Found 0 GDELT articles for XOM
2025-10-16 12:04:25,926 - INFO - Saved data to /Users/alexandrebredillot/Documents/GitHub/FIN_PP/THES_SA/data/news/XOM_gdelt_20251016.json
2025-10-16 12:04:25,926 - INFO - Completed processing for XOM
2025-10-16 12:04:25,926 - INFO - Data fetch complete!
